make all --print-data-base --no-builtin-variables --no-builtin-rules --question
# GNU Make 4.1
# Built for x86_64-pc-linux-gnu
# Copyright (C) 1988-2014 Free Software Foundation, Inc.
# License GPLv3+: GNU GPL version 3 or later <http://gnu.org/licenses/gpl.html>
# This is free software: you are free to change and redistribute it.
# There is NO WARRANTY, to the extent permitted by law.

# Make data base, printed on Tue Jun 21 20:17:23 2022

# Variables

 
# 'override' directive
GNUMAKEFLAGS := 
# automatic
<D = $(patsubst %/,%,$(dir $<))
# automatic
?F = $(notdir $?)
# environment
DESKTOP_SESSION = ubuntu
# default
.SHELLFLAGS := -c
# environment
GDK_PIXBUF_MODULE_FILE = /home/yashraj4/snap/code/common/.cache/gdk-pixbuf-loaders.cache
# environment
SNAP_COMMON = /var/snap/code/common
# environment
XDG_SESSION_TYPE = x11
# environment
VSCODE_LOG_NATIVE = false
# automatic
?D = $(patsubst %/,%,$(dir $?))
# environment
IM_CONFIG_PHASE = 2
# automatic
@D = $(patsubst %/,%,$(dir $@))
# environment
XAUTHORITY = /run/user/1000/gdm/Xauthority
# environment
GDMSESSION = ubuntu
# environment
XMODIFIERS = @im=ibus
# makefile
CURDIR := /home/yashraj4/Documents/C/web
# makefile
SHELL = /bin/sh
# environment
SNAP_DATA = /var/snap/code/99
# environment
VSCODE_NLS_CONFIG = {"locale":"en-gb","availableLanguages":{},"_languagePackSupport":true}
# environment
_ = /snap/code/99/usr/share/code/code
# environment
XDG_CONFIG_DIRS = /etc/xdg/xdg-ubuntu:/etc/xdg
# environment
SNAP_INSTANCE_NAME = code
# environment
SNAP_ARCH = amd64
# makefile (from 'makefile', line 1)
MAKEFILE_LIST :=  makefile
# automatic
@F = $(notdir $@)
# environment
GIO_LAUNCHED_DESKTOP_FILE = /var/lib/snapd/desktop/applications/code_code.desktop
# environment
USERNAME = yashraj4
# environment
XDG_DATA_DIRS = /usr/share/ubuntu:/usr/local/share/:/usr/share/:/var/lib/snapd/desktop
# environment
DBUS_SESSION_BUS_ADDRESS = unix:path=/run/user/1000/bus
# environment
VSCODE_VERBOSE_LOGGING = true
# environment
CLUTTER_IM_MODULE = xim
# environment
LESSOPEN = | /usr/bin/lesspipe %s
# environment
VSCODE_CWD = /home/yashraj4
# environment
GSETTINGS_SCHEMA_DIR = /snap/code/99/usr/share/glib-2.0/schemas
# default
MAKE_HOST := x86_64-pc-linux-gnu
# environment
PATH = /usr/local/sbin:/usr/local/bin:/usr/sbin:/usr/bin:/sbin:/bin:/usr/games:/usr/local/games:/snap/bin:/usr/lib/dart/bin:/usr/lib/dart/bin
# environment
GPG_AGENT_INFO = /run/user/1000/gnupg/S.gpg-agent:0:1
# environment
SESSION_MANAGER = local/Lenovo-S145:@/tmp/.ICE-unix/1468,unix/Lenovo-S145:/tmp/.ICE-unix/1468
# environment
XDG_RUNTIME_DIR = /run/user/1000
# environment
PICO_EXAMPLES_PATH = /home/yashraj4/Documents/Pico/pico/pico-examples
# environment
TEXTDOMAIN = im-config
# environment
SNAP = /snap/code/99
# environment
SNAP_VERSION = 30d9c6cd
# environment
XDG_MENU_PREFIX = gnome-
# environment
VSCODE_LOG_STACK = false
# environment
DISABLE_WAYLAND = 1
# environment
ELECTRON_RUN_AS_NODE = 1
# environment
GDK_PIXBUF_MODULEDIR = /snap/code/99/usr/lib/x86_64-linux-gnu/gdk-pixbuf-2.0/2.10.0/loaders
# default
.FEATURES := target-specific order-only second-expansion else-if shortest-stem undefine oneshell archives jobserver output-sync check-symlink load
# environment
LS_COLORS = 
# environment
XDG_SESSION_DESKTOP = ubuntu
# environment
SSH_AUTH_SOCK = /run/user/1000/keyring/ssh
# environment
GIO_LAUNCHED_DESKTOP_FILE_PID = 2028
# automatic
%F = $(notdir $%)
# environment
DISPLAY = :0
# environment
GTK_IM_MODULE = ibus
# environment
VSCODE_PIPE_LOGGING = true
# environment
SNAP_INSTANCE_KEY = 
# environment
PWD = /home/yashraj4/Documents/C/web
# environment
XDG_SEAT = seat0
# environment
SSH_AGENT_PID = 1563
# environment
ORIGINAL_XDG_CURRENT_DESKTOP = ubuntu:GNOME
# environment
GTK_MODULES = gail:atk-bridge
# environment
VSCODE_AMD_ENTRYPOINT = vs/workbench/api/node/extensionHostProcess
# environment
HOME = /home/yashraj4
# environment
LESSCLOSE = /usr/bin/lesspipe %s %s
# environment
VSCODE_CLI = 1
# environment
PICO_EXTRAS_PATH = /home/yashraj4/Documents/Pico/pico/pico-extras
# environment
VSCODE_CODE_CACHE_PATH = /home/yashraj4/.config/Code/CachedData/30d9c6cd9483b2cc586687151bcbcd635f373630
# environment
LOGNAME = yashraj4
# environment
APPLICATION_INSIGHTS_NO_DIAGNOSTIC_CHANNEL = 1
# environment
SNAP_LIBRARY_PATH = /var/lib/snapd/lib/gl:/var/lib/snapd/lib/gl32:/var/lib/snapd/void
# environment
SNAP_CONTEXT = BlMaQVIB_5uxZnbHdyt91q5OoHFdeubSelE6eT7iyRzPXfecOA8p
# environment
ELECTRON_NO_ATTACH_CONSOLE = 1
# environment
SNAP_USER_COMMON = /home/yashraj4/snap/code/common
# environment
VSCODE_HANDLES_UNCAUGHT_ERRORS = true
# default
MAKE_VERSION := 4.1
# environment
GNOME_DESKTOP_SESSION_ID = this-is-deprecated
# automatic
^D = $(patsubst %/,%,$(dir $^))
# environment
XDG_VTNR = 2
# environment
MAKELEVEL := 0
# environment
SNAP_REAL_HOME = /home/yashraj4
# default
MAKE = $(MAKE_COMMAND)
# default
MAKECMDGOALS := all
# environment
QT_IM_MODULE = ibus
# environment
SNAP_USER_DATA = /home/yashraj4/snap/code/99
# environment
SHLVL = 1
# makefile (from 'makefile', line 1)
CC = gcc
# environment
GNOME_SHELL_SESSION_MODE = ubuntu
# environment
VSCODE_IPC_HOOK_EXTHOST = /run/user/1000/vscode-ipc-98b57c95-1fc8-4bd0-aedb-beb4c4b059dc.sock
# environment
XDG_SESSION_ID = 2
# environment
USER = yashraj4
# environment
SNAP_REVISION = 99
# makefile
.DEFAULT_GOAL := all
# environment
XDG_CURRENT_DESKTOP = Unity
# automatic
%D = $(patsubst %/,%,$(dir $%))
# default
MAKE_COMMAND := make
# default
.VARIABLES := 
# automatic
*F = $(notdir $*)
# environment
LANGUAGE = en_IN:en
# environment
VSCODE_IPC_HOOK = /run/user/1000/vscode-86f8d47f-1.68.1-main.sock
# environment
BAMF_DESKTOP_FILE_HINT = /var/lib/snapd/desktop/applications/code_code.desktop
# makefile
MAKEFLAGS = pqrR
# environment
MFLAGS = -pqrR
# automatic
*D = $(patsubst %/,%,$(dir $*))
# makefile (from 'makefile', line 3)
MAIN = web.c
# environment
PICO_PLAYGROUND_PATH = /home/yashraj4/Documents/Pico/pico/pico-playground
# automatic
+D = $(patsubst %/,%,$(dir $+))
# environment
GDK_BACKEND = x11
# automatic
+F = $(notdir $+)
# environment
QT_ACCESSIBILITY = 1
# environment
TEXTDOMAINDIR = /usr/share/locale/
# default
MAKEFILES := 
# environment
SNAP_COOKIE = BlMaQVIB_5uxZnbHdyt91q5OoHFdeubSelE6eT7iyRzPXfecOA8p
# automatic
<F = $(notdir $<)
# environment
SNAP_NAME = code
# environment
LC_ALL = C
# environment
QT4_IM_MODULE = xim
# environment
GJS_DEBUG_TOPICS = JS ERROR;JS LOG
# automatic
^F = $(notdir $^)
# default
SUFFIXES := 
# makefile (from 'makefile', line 2)
FLAGS = -c -std=c99 -Wall
# environment
SNAP_REEXEC = 
# environment
CHROME_DESKTOP = code-url-handler.desktop
# environment
WINDOWPATH = 2
# default
.INCLUDE_DIRS = /usr/include /usr/local/include /usr/include
# environment
GJS_DEBUG_OUTPUT = stderr
# default
.RECIPEPREFIX := 
# environment
PICO_SDK_PATH = /home/yashraj4/Documents/Pico/pico/pico-sdk
# environment
LANG = C
# environment
VSCODE_PID = 2170
# variable set hash-table stats:
# Load=131/1024=13%, Rehash=0, Collisions=20/161=12%

# Pattern-specific Variable Values

# No pattern-specific variable values.

# Directories

# . (device 2050, inode 47318960): 8 files, no impossibilities.

# 8 files, no impossibilities in 1 directories.

# Implicit Rules

# No implicit rules.

# Files

all:
#  Command line target.
#  Implicit rule search has not been done.
#  Implicit/static pattern stem: ''
#  File does not exist.
#  File has been updated.
#  Needs to be updated (-q is set).
# automatic
# @ := all
# automatic
# % := 
# automatic
# * := 
# automatic
# + := 
# automatic
# | := 
# automatic
# < := 
# automatic
# ^ := 
# automatic
# ? := 
 
# variable set hash-table stats:
# Load=8/32=25%, Rehash=0, Collisions=1/13=8%
#  recipe to execute (from 'makefile', line 8):
	${CC} ${MAIN}

# Not a target:
.SUFFIXES:
#  Implicit rule search has not been done.
#  Modification time never checked.
#  File has not been updated.

# Not a target:
makefile:
#  Implicit rule search has been done.
#  Last modified 2022-05-25 10:57:52.453817946
#  File has been updated.
#  Successfully updated.

# Not a target:
.DEFAULT:
#  Implicit rule search has not been done.
#  Modification time never checked.
#  File has not been updated.

# files hash-table stats:
# Load=4/1024=0%, Rehash=0, Collisions=0/16=0%
# VPATH Search Paths

# No 'vpath' search paths.

# No general ('VPATH' variable) search path.

# strcache buffers: 1 (0) / strings = 13 / storage = 96 B / avg = 7 B
# current buf: size = 8162 B / used = 96 B / count = 13 / avg = 7 B

# strcache performance: lookups = 20 / hit rate = 35%
# hash-table stats:
# Load=13/8192=0%, Rehash=0, Collisions=1/20=5%
# Finished Make data base on Tue Jun 21 20:17:23 2022

 
